<?xml version="1.0" encoding="UTF-8" standalone="yes"?><!DOCTYPE report PUBLIC "-//JACOCO//DTD Report 1.1//EN" "report.dtd"><report name="my-app"><sessioninfo id="tugberk-1fc396bb" start="1711837286178" dump="1711837287506"/><package name=""><class name="MessageQueue" sourcefilename="MessageQueue.java"/><class name="Compute" sourcefilename="Compute.java"><method name="&lt;init&gt;" desc="(LMessageQueue;)V" line="4"><counter type="INSTRUCTION" missed="0" covered="6"/><counter type="LINE" missed="0" covered="3"/><counter type="COMPLEXITY" missed="0" covered="1"/><counter type="METHOD" missed="0" covered="1"/></method><method name="countNumberOfOccurrences" desc="(Ljava/lang/String;)I" line="9"><counter type="INSTRUCTION" missed="21" covered="13"/><counter type="BRANCH" missed="5" covered="3"/><counter type="LINE" missed="5" covered="4"/><counter type="COMPLEXITY" missed="3" covered="2"/><counter type="METHOD" missed="0" covered="1"/></method><counter type="INSTRUCTION" missed="21" covered="19"/><counter type="BRANCH" missed="5" covered="3"/><counter type="LINE" missed="5" covered="7"/><counter type="COMPLEXITY" missed="3" covered="3"/><counter type="METHOD" missed="0" covered="2"/><counter type="CLASS" missed="0" covered="1"/></class><class name="Util" sourcefilename="Util.java"><method name="&lt;init&gt;" desc="()V" line="1"><counter type="INSTRUCTION" missed="0" covered="3"/><counter type="LINE" missed="0" covered="1"/><counter type="COMPLEXITY" missed="0" covered="1"/><counter type="METHOD" missed="0" covered="1"/></method><method name="compute" desc="([I)Z" line="4"><counter type="INSTRUCTION" missed="65" covered="0"/><counter type="BRANCH" missed="12" covered="0"/><counter type="LINE" missed="13" covered="0"/><counter type="COMPLEXITY" missed="7" covered="0"/><counter type="METHOD" missed="1" covered="0"/></method><counter type="INSTRUCTION" missed="65" covered="3"/><counter type="BRANCH" missed="12" covered="0"/><counter type="LINE" missed="13" covered="1"/><counter type="COMPLEXITY" missed="7" covered="1"/><counter type="METHOD" missed="1" covered="1"/><counter type="CLASS" missed="0" covered="1"/></class><sourcefile name="Compute.java"><line nr="4" mi="0" ci="2" mb="0" cb="0"/><line nr="5" mi="0" ci="3" mb="0" cb="0"/><line nr="6" mi="0" ci="1" mb="0" cb="0"/><line nr="9" mi="0" ci="4" mb="0" cb="2"/><line nr="10" mi="0" ci="2" mb="0" cb="0"/><line nr="12" mi="0" ci="5" mb="1" cb="1"/><line nr="13" mi="0" ci="2" mb="0" cb="0"/><line nr="15" mi="2" ci="0" mb="0" cb="0"/><line nr="16" mi="9" ci="0" mb="2" cb="0"/><line nr="17" mi="7" ci="0" mb="2" cb="0"/><line nr="18" mi="1" ci="0" mb="0" cb="0"/><line nr="21" mi="2" ci="0" mb="0" cb="0"/><counter type="INSTRUCTION" missed="21" covered="19"/><counter type="BRANCH" missed="5" covered="3"/><counter type="LINE" missed="5" covered="7"/><counter type="COMPLEXITY" missed="3" covered="3"/><counter type="METHOD" missed="0" covered="2"/><counter type="CLASS" missed="0" covered="1"/></sourcefile><sourcefile name="MessageQueue.java"/><sourcefile name="Util.java"><line nr="1" mi="0" ci="3" mb="0" cb="0"/><line nr="4" mi="4" ci="0" mb="2" cb="0"/><line nr="5" mi="2" ci="0" mb="0" cb="0"/><line nr="7" mi="5" ci="0" mb="2" cb="0"/><line nr="8" mi="2" ci="0" mb="0" cb="0"/><line nr="10" mi="2" ci="0" mb="0" cb="0"/><line nr="11" mi="16" ci="0" mb="2" cb="0"/><line nr="12" mi="2" ci="0" mb="2" cb="0"/><line nr="13" mi="4" ci="0" mb="0" cb="0"/><line nr="15" mi="4" ci="0" mb="0" cb="0"/><line nr="17" mi="16" ci="0" mb="2" cb="0"/><line nr="18" mi="4" ci="0" mb="2" cb="0"/><line nr="19" mi="2" ci="0" mb="0" cb="0"/><line nr="22" mi="2" ci="0" mb="0" cb="0"/><counter type="INSTRUCTION" missed="65" covered="3"/><counter type="BRANCH" missed="12" covered="0"/><counter type="LINE" missed="13" covered="1"/><counter type="COMPLEXITY" missed="7" covered="1"/><counter type="METHOD" missed="1" covered="1"/><counter type="CLASS" missed="0" covered="1"/></sourcefile><counter type="INSTRUCTION" missed="86" covered="22"/><counter type="BRANCH" missed="17" covered="3"/><counter type="LINE" missed="18" covered="8"/><counter type="COMPLEXITY" missed="10" covered="4"/><counter type="METHOD" missed="1" covered="3"/><counter type="CLASS" missed="0" covered="2"/></package><counter type="INSTRUCTION" missed="86" covered="22"/><counter type="BRANCH" missed="17" covered="3"/><counter type="LINE" missed="18" covered="8"/><counter type="COMPLEXITY" missed="10" covered="4"/><counter type="METHOD" missed="1" covered="3"/><counter type="CLASS" missed="0" covered="2"/></report>